<?xml version="1.0" encoding="utf-8"?><testsuites><testsuite name="pytest" errors="0" failures="0" skipped="0" tests="0" time="5.924" timestamp="2021-05-11T20:47:01.175077" hostname="bogon" /></testsuites>